<?xml version="1.0" encoding="UTF-8"?>
<coverage generated="1702412040570" clover="3.2.0">
  <project timestamp="1702412040570" name="All files">
    <metrics statements="31" coveredstatements="18" conditionals="19" coveredconditionals="8" methods="5" coveredmethods="4" elements="55" coveredelements="30" complexity="0" loc="31" ncloc="31" packages="2" files="5" classes="5"/>
    <package name="redux">
      <metrics statements="1" coveredstatements="1" conditionals="0" coveredconditionals="0" methods="0" coveredmethods="0"/>
      <file name="store.ts" path="C:\Users\igor\Desktop\OTUS\FullStackDeveloper\WorkDir\JavaScript-Basic\otus-js-basic-redux-chat\src\modules\redux\store.ts">
        <metrics statements="1" coveredstatements="1" conditionals="0" coveredconditionals="0" methods="0" coveredmethods="0"/>
        <line num="6" count="1" type="stmt"/>
      </file>
    </package>
    <package name="redux.reducers">
      <metrics statements="30" coveredstatements="17" conditionals="19" coveredconditionals="8" methods="5" coveredmethods="4"/>
      <file name="chatroom.ts" path="C:\Users\igor\Desktop\OTUS\FullStackDeveloper\WorkDir\JavaScript-Basic\otus-js-basic-redux-chat\src\modules\redux\reducers\chatroom.ts">
        <metrics statements="8" coveredstatements="5" conditionals="5" coveredconditionals="2" methods="1" coveredmethods="1"/>
        <line num="5" count="1" type="stmt"/>
        <line num="11" count="1" type="cond" truecount="1" falsecount="0"/>
        <line num="12" count="5" type="cond" truecount="1" falsecount="3"/>
        <line num="14" count="0" type="stmt"/>
        <line num="18" count="0" type="stmt"/>
        <line num="23" count="0" type="stmt"/>
        <line num="27" count="5" type="stmt"/>
        <line num="31" count="1" type="stmt"/>
      </file>
      <file name="index.ts" path="C:\Users\igor\Desktop\OTUS\FullStackDeveloper\WorkDir\JavaScript-Basic\otus-js-basic-redux-chat\src\modules\redux\reducers\index.ts">
        <metrics statements="1" coveredstatements="1" conditionals="0" coveredconditionals="0" methods="0" coveredmethods="0"/>
        <line num="6" count="1" type="stmt"/>
      </file>
      <file name="messages.ts" path="C:\Users\igor\Desktop\OTUS\FullStackDeveloper\WorkDir\JavaScript-Basic\otus-js-basic-redux-chat\src\modules\redux\reducers\messages.ts">
        <metrics statements="12" coveredstatements="7" conditionals="8" coveredconditionals="4" methods="3" coveredmethods="2"/>
        <line num="10" count="1" type="stmt"/>
        <line num="11" count="2" type="cond" truecount="2" falsecount="0"/>
        <line num="13" count="1" type="stmt"/>
        <line num="21" count="1" type="stmt"/>
        <line num="25" count="1" type="cond" truecount="1" falsecount="0"/>
        <line num="26" count="5" type="cond" truecount="1" falsecount="2"/>
        <line num="28" count="0" type="stmt"/>
        <line num="29" count="0" type="cond" truecount="0" falsecount="2"/>
        <line num="30" count="0" type="stmt"/>
        <line num="32" count="0" type="stmt"/>
        <line num="35" count="0" type="stmt"/>
        <line num="37" count="5" type="stmt"/>
      </file>
      <file name="user.ts" path="C:\Users\igor\Desktop\OTUS\FullStackDeveloper\WorkDir\JavaScript-Basic\otus-js-basic-redux-chat\src\modules\redux\reducers\user.ts">
        <metrics statements="9" coveredstatements="4" conditionals="6" coveredconditionals="2" methods="1" coveredmethods="1"/>
        <line num="3" count="1" type="stmt"/>
        <line num="11" count="1" type="cond" truecount="1" falsecount="0"/>
        <line num="12" count="3" type="cond" truecount="1" falsecount="4"/>
        <line num="14" count="0" type="stmt"/>
        <line num="18" count="0" type="stmt"/>
        <line num="22" count="0" type="stmt"/>
        <line num="23" count="0" type="stmt"/>
        <line num="27" count="0" type="stmt"/>
        <line num="33" count="3" type="stmt"/>
      </file>
    </package>
  </project>
</coverage>
