<?xml version="1.0" encoding="UTF-8"?>
<coverage generated="1702420399097" clover="3.2.0">
  <project timestamp="1702420399097" name="All files">
    <metrics statements="48" coveredstatements="27" conditionals="14" coveredconditionals="9" methods="22" coveredmethods="5" elements="84" coveredelements="41" complexity="0" loc="48" ncloc="48" packages="4" files="7" classes="7"/>
    <package name="modules">
      <metrics statements="5" coveredstatements="0" conditionals="0" coveredconditionals="0" methods="4" coveredmethods="0"/>
      <file name="firebaseAPI.ts" path="C:\Users\igor\Desktop\OTUS\FullStackDeveloper\WorkDir\JavaScript-Basic\otus-js-basic-redux-chat\src\modules\firebaseAPI.ts">
        <metrics statements="5" coveredstatements="0" conditionals="0" coveredconditionals="0" methods="4" coveredmethods="0"/>
        <line num="6" count="0" type="stmt"/>
        <line num="7" count="0" type="stmt"/>
        <line num="8" count="0" type="stmt"/>
        <line num="12" count="0" type="stmt"/>
        <line num="13" count="0" type="stmt"/>
      </file>
    </package>
    <package name="modules.redux">
      <metrics statements="4" coveredstatements="4" conditionals="0" coveredconditionals="0" methods="0" coveredmethods="0"/>
      <file name="config.ts" path="C:\Users\igor\Desktop\OTUS\FullStackDeveloper\WorkDir\JavaScript-Basic\otus-js-basic-redux-chat\src\modules\redux\config.ts">
        <metrics statements="3" coveredstatements="3" conditionals="0" coveredconditionals="0" methods="0" coveredmethods="0"/>
        <line num="4" count="1" type="stmt"/>
        <line num="16" count="1" type="stmt"/>
        <line num="17" count="1" type="stmt"/>
      </file>
      <file name="store.ts" path="C:\Users\igor\Desktop\OTUS\FullStackDeveloper\WorkDir\JavaScript-Basic\otus-js-basic-redux-chat\src\modules\redux\store.ts">
        <metrics statements="1" coveredstatements="1" conditionals="0" coveredconditionals="0" methods="0" coveredmethods="0"/>
        <line num="6" count="1" type="stmt"/>
      </file>
    </package>
    <package name="modules.redux.actions">
      <metrics statements="20" coveredstatements="7" conditionals="2" coveredconditionals="0" methods="14" coveredmethods="1"/>
      <file name="index.ts" path="C:\Users\igor\Desktop\OTUS\FullStackDeveloper\WorkDir\JavaScript-Basic\otus-js-basic-redux-chat\src\modules\redux\actions\index.ts">
        <metrics statements="20" coveredstatements="7" conditionals="2" coveredconditionals="0" methods="14" coveredmethods="1"/>
        <line num="12" count="2" type="stmt"/>
        <line num="17" count="1" type="stmt"/>
        <line num="18" count="0" type="stmt"/>
        <line num="20" count="0" type="stmt"/>
        <line num="25" count="0" type="stmt"/>
        <line num="28" count="1" type="stmt"/>
        <line num="33" count="1" type="stmt"/>
        <line num="37" count="1" type="stmt"/>
        <line num="42" count="1" type="stmt"/>
        <line num="43" count="0" type="stmt"/>
        <line num="44" count="0" type="stmt"/>
        <line num="46" count="0" type="stmt"/>
        <line num="48" count="0" type="stmt"/>
        <line num="51" count="0" type="stmt"/>
        <line num="52" count="0" type="cond" truecount="0" falsecount="2"/>
        <line num="53" count="0" type="stmt"/>
        <line num="60" count="1" type="stmt"/>
        <line num="61" count="0" type="stmt"/>
        <line num="62" count="0" type="stmt"/>
        <line num="63" count="0" type="stmt"/>
      </file>
    </package>
    <package name="modules.redux.reducers">
      <metrics statements="19" coveredstatements="16" conditionals="12" coveredconditionals="9" methods="4" coveredmethods="4"/>
      <file name="chatroom.ts" path="C:\Users\igor\Desktop\OTUS\FullStackDeveloper\WorkDir\JavaScript-Basic\otus-js-basic-redux-chat\src\modules\redux\reducers\chatroom.ts">
        <metrics statements="8" coveredstatements="5" conditionals="5" coveredconditionals="2" methods="1" coveredmethods="1"/>
        <line num="5" count="1" type="stmt"/>
        <line num="11" count="1" type="cond" truecount="1" falsecount="0"/>
        <line num="12" count="7" type="cond" truecount="1" falsecount="3"/>
        <line num="14" count="0" type="stmt"/>
        <line num="18" count="0" type="stmt"/>
        <line num="23" count="0" type="stmt"/>
        <line num="27" count="7" type="stmt"/>
        <line num="31" count="1" type="stmt"/>
      </file>
      <file name="index.ts" path="C:\Users\igor\Desktop\OTUS\FullStackDeveloper\WorkDir\JavaScript-Basic\otus-js-basic-redux-chat\src\modules\redux\reducers\index.ts">
        <metrics statements="1" coveredstatements="1" conditionals="0" coveredconditionals="0" methods="0" coveredmethods="0"/>
        <line num="5" count="1" type="stmt"/>
      </file>
      <file name="messages.ts" path="C:\Users\igor\Desktop\OTUS\FullStackDeveloper\WorkDir\JavaScript-Basic\otus-js-basic-redux-chat\src\modules\redux\reducers\messages.ts">
        <metrics statements="10" coveredstatements="10" conditionals="7" coveredconditionals="7" methods="3" coveredmethods="3"/>
        <line num="4" count="1" type="stmt"/>
        <line num="5" count="3" type="cond" truecount="2" falsecount="0"/>
        <line num="7" count="2" type="stmt"/>
        <line num="13" count="1" type="stmt"/>
        <line num="17" count="1" type="cond" truecount="1" falsecount="0"/>
        <line num="18" count="7" type="cond" truecount="2" falsecount="0"/>
        <line num="20" count="2" type="cond" truecount="2" falsecount="0"/>
        <line num="21" count="1" type="stmt"/>
        <line num="23" count="1" type="stmt"/>
        <line num="26" count="5" type="stmt"/>
      </file>
    </package>
  </project>
</coverage>
