{
  "C:\\Users\\igor\\Desktop\\OTUS\\FullStackDeveloper\\WorkDir\\JavaScript-Basic\\otus-js-basic-redux-chat\\src\\modules\\firebaseAPI.ts": {
    "path": "C:\\Users\\igor\\Desktop\\OTUS\\FullStackDeveloper\\WorkDir\\JavaScript-Basic\\otus-js-basic-redux-chat\\src\\modules\\firebaseAPI.ts",
    "statementMap": {
      "0": {
        "start": { "line": 6, "column": 2 },
        "end": { "line": 14, "column": 4 }
      },
      "1": {
        "start": { "line": 7, "column": 22 },
        "end": { "line": 7, "column": 58 }
      },
      "2": {
        "start": { "line": 8, "column": 4 },
        "end": { "line": 13, "column": 31 }
      },
      "3": {
        "start": { "line": 12, "column": 18 },
        "end": { "line": 12, "column": 32 }
      },
      "4": {
        "start": { "line": 13, "column": 22 },
        "end": { "line": 13, "column": 30 }
      }
    },
    "fnMap": {
      "0": {
        "name": "insertMessage",
        "decl": {
          "start": { "line": 5, "column": 16 },
          "end": { "line": 5, "column": 29 }
        },
        "loc": {
          "start": { "line": 5, "column": 56 },
          "end": { "line": 15, "column": 1 }
        },
        "line": 5
      },
      "1": {
        "name": "(anonymous_1)",
        "decl": {
          "start": { "line": 6, "column": 21 },
          "end": { "line": 6, "column": 22 }
        },
        "loc": {
          "start": { "line": 6, "column": 35 },
          "end": { "line": 14, "column": 3 }
        },
        "line": 6
      },
      "2": {
        "name": "(anonymous_2)",
        "decl": {
          "start": { "line": 12, "column": 12 },
          "end": { "line": 12, "column": 13 }
        },
        "loc": {
          "start": { "line": 12, "column": 18 },
          "end": { "line": 12, "column": 32 }
        },
        "line": 12
      },
      "3": {
        "name": "(anonymous_3)",
        "decl": {
          "start": { "line": 13, "column": 13 },
          "end": { "line": 13, "column": 14 }
        },
        "loc": {
          "start": { "line": 13, "column": 22 },
          "end": { "line": 13, "column": 30 }
        },
        "line": 13
      }
    },
    "branchMap": {},
    "s": { "0": 0, "1": 0, "2": 0, "3": 0, "4": 0 },
    "f": { "0": 0, "1": 0, "2": 0, "3": 0 },
    "b": {},
    "_coverageSchema": "1a1c01bbd47fc00a2c39e90264f33305004495a9",
    "hash": "906f4322a57e306ae705424cc2e6c9dc706f59cf"
  },
  "C:\\Users\\igor\\Desktop\\OTUS\\FullStackDeveloper\\WorkDir\\JavaScript-Basic\\otus-js-basic-redux-chat\\src\\modules\\redux\\config.ts": {
    "path": "C:\\Users\\igor\\Desktop\\OTUS\\FullStackDeveloper\\WorkDir\\JavaScript-Basic\\otus-js-basic-redux-chat\\src\\modules\\redux\\config.ts",
    "statementMap": {
      "0": {
        "start": { "line": 4, "column": 23 },
        "end": { "line": 14, "column": 1 }
      },
      "1": {
        "start": { "line": 16, "column": 19 },
        "end": { "line": 16, "column": 48 }
      },
      "2": {
        "start": { "line": 17, "column": 18 },
        "end": { "line": 17, "column": 34 }
      }
    },
    "fnMap": {},
    "branchMap": {},
    "s": { "0": 1, "1": 1, "2": 1 },
    "f": {},
    "b": {},
    "_coverageSchema": "1a1c01bbd47fc00a2c39e90264f33305004495a9",
    "hash": "584959315d4d4fe76873435b6cae257daa0fefc3"
  },
  "C:\\Users\\igor\\Desktop\\OTUS\\FullStackDeveloper\\WorkDir\\JavaScript-Basic\\otus-js-basic-redux-chat\\src\\modules\\redux\\store.ts": {
    "path": "C:\\Users\\igor\\Desktop\\OTUS\\FullStackDeveloper\\WorkDir\\JavaScript-Basic\\otus-js-basic-redux-chat\\src\\modules\\redux\\store.ts",
    "statementMap": {
      "0": {
        "start": { "line": 6, "column": 21 },
        "end": { "line": 6, "column": 69 }
      }
    },
    "fnMap": {},
    "branchMap": {},
    "s": { "0": 1 },
    "f": {},
    "b": {},
    "_coverageSchema": "1a1c01bbd47fc00a2c39e90264f33305004495a9",
    "hash": "fdaab1355973574fcb9194fab1cde89daeb5ee25"
  },
  "C:\\Users\\igor\\Desktop\\OTUS\\FullStackDeveloper\\WorkDir\\JavaScript-Basic\\otus-js-basic-redux-chat\\src\\modules\\redux\\actions\\index.ts": {
    "path": "C:\\Users\\igor\\Desktop\\OTUS\\FullStackDeveloper\\WorkDir\\JavaScript-Basic\\otus-js-basic-redux-chat\\src\\modules\\redux\\actions\\index.ts",
    "statementMap": {
      "0": {
        "start": { "line": 12, "column": 26 },
        "end": { "line": 15, "column": 2 }
      },
      "1": {
        "start": { "line": 12, "column": 41 },
        "end": { "line": 15, "column": 1 }
      },
      "2": {
        "start": { "line": 17, "column": 27 },
        "end": { "line": 26, "column": 1 }
      },
      "3": {
        "start": { "line": 17, "column": 41 },
        "end": { "line": 26, "column": 1 }
      },
      "4": {
        "start": { "line": 18, "column": 2 },
        "end": { "line": 25, "column": 47 }
      },
      "5": {
        "start": { "line": 20, "column": 6 },
        "end": { "line": 23, "column": 18 }
      },
      "6": {
        "start": { "line": 25, "column": 22 },
        "end": { "line": 25, "column": 46 }
      },
      "7": {
        "start": { "line": 28, "column": 27 },
        "end": { "line": 31, "column": 2 }
      },
      "8": {
        "start": { "line": 28, "column": 46 },
        "end": { "line": 31, "column": 1 }
      },
      "9": {
        "start": { "line": 33, "column": 37 },
        "end": { "line": 35, "column": 1 }
      },
      "10": {
        "start": { "line": 37, "column": 32 },
        "end": { "line": 40, "column": 2 }
      },
      "11": {
        "start": { "line": 37, "column": 39 },
        "end": { "line": 40, "column": 1 }
      },
      "12": {
        "start": { "line": 42, "column": 29 },
        "end": { "line": 58, "column": 1 }
      },
      "13": {
        "start": { "line": 43, "column": 2 },
        "end": { "line": 57, "column": 4 }
      },
      "14": {
        "start": { "line": 44, "column": 4 },
        "end": { "line": 44, "column": 36 }
      },
      "15": {
        "start": { "line": 46, "column": 24 },
        "end": { "line": 46, "column": 43 }
      },
      "16": {
        "start": { "line": 48, "column": 4 },
        "end": { "line": 56, "column": 6 }
      },
      "17": {
        "start": { "line": 51, "column": 8 },
        "end": { "line": 54, "column": 14 }
      },
      "18": {
        "start": { "line": 52, "column": 27 },
        "end": { "line": 52, "column": 47 }
      },
      "19": {
        "start": { "line": 53, "column": 10 },
        "end": { "line": 53, "column": 46 }
      },
      "20": {
        "start": { "line": 60, "column": 31 },
        "end": { "line": 65, "column": 1 }
      },
      "21": {
        "start": { "line": 61, "column": 2 },
        "end": { "line": 64, "column": 4 }
      },
      "22": {
        "start": { "line": 62, "column": 4 },
        "end": { "line": 62, "column": 72 }
      },
      "23": {
        "start": { "line": 62, "column": 45 },
        "end": { "line": 62, "column": 70 }
      },
      "24": {
        "start": { "line": 63, "column": 4 },
        "end": { "line": 63, "column": 33 }
      }
    },
    "fnMap": {
      "0": {
        "name": "(anonymous_0)",
        "decl": {
          "start": { "line": 12, "column": 26 },
          "end": { "line": 12, "column": 27 }
        },
        "loc": {
          "start": { "line": 12, "column": 41 },
          "end": { "line": 15, "column": 1 }
        },
        "line": 12
      },
      "1": {
        "name": "(anonymous_1)",
        "decl": {
          "start": { "line": 17, "column": 27 },
          "end": { "line": 17, "column": 28 }
        },
        "loc": {
          "start": { "line": 17, "column": 41 },
          "end": { "line": 26, "column": 1 }
        },
        "line": 17
      },
      "2": {
        "name": "(anonymous_2)",
        "decl": {
          "start": { "line": 17, "column": 41 },
          "end": { "line": 17, "column": 42 }
        },
        "loc": {
          "start": { "line": 17, "column": 85 },
          "end": { "line": 26, "column": 1 }
        },
        "line": 17
      },
      "3": {
        "name": "(anonymous_3)",
        "decl": {
          "start": { "line": 19, "column": 10 },
          "end": { "line": 19, "column": 11 }
        },
        "loc": {
          "start": { "line": 19, "column": 18 },
          "end": { "line": 24, "column": 15 }
        },
        "line": 19
      },
      "4": {
        "name": "(anonymous_4)",
        "decl": {
          "start": { "line": 25, "column": 11 },
          "end": { "line": 25, "column": 12 }
        },
        "loc": {
          "start": { "line": 25, "column": 22 },
          "end": { "line": 25, "column": 46 }
        },
        "line": 25
      },
      "5": {
        "name": "(anonymous_5)",
        "decl": {
          "start": { "line": 28, "column": 27 },
          "end": { "line": 28, "column": 28 }
        },
        "loc": {
          "start": { "line": 28, "column": 46 },
          "end": { "line": 31, "column": 1 }
        },
        "line": 28
      },
      "6": {
        "name": "(anonymous_6)",
        "decl": {
          "start": { "line": 37, "column": 32 },
          "end": { "line": 37, "column": 33 }
        },
        "loc": {
          "start": { "line": 37, "column": 39 },
          "end": { "line": 40, "column": 1 }
        },
        "line": 37
      },
      "7": {
        "name": "(anonymous_7)",
        "decl": {
          "start": { "line": 42, "column": 29 },
          "end": { "line": 42, "column": 30 }
        },
        "loc": {
          "start": { "line": 42, "column": 35 },
          "end": { "line": 58, "column": 1 }
        },
        "line": 42
      },
      "8": {
        "name": "(anonymous_8)",
        "decl": {
          "start": { "line": 43, "column": 9 },
          "end": { "line": 43, "column": 10 }
        },
        "loc": {
          "start": { "line": 43, "column": 49 },
          "end": { "line": 57, "column": 3 }
        },
        "line": 43
      },
      "9": {
        "name": "(anonymous_9)",
        "decl": {
          "start": { "line": 50, "column": 6 },
          "end": { "line": 50, "column": 7 }
        },
        "loc": {
          "start": { "line": 50, "column": 25 },
          "end": { "line": 55, "column": 7 }
        },
        "line": 50
      },
      "10": {
        "name": "(anonymous_10)",
        "decl": {
          "start": { "line": 51, "column": 19 },
          "end": { "line": 51, "column": 20 }
        },
        "loc": {
          "start": { "line": 51, "column": 25 },
          "end": { "line": 54, "column": 9 }
        },
        "line": 51
      },
      "11": {
        "name": "(anonymous_11)",
        "decl": {
          "start": { "line": 60, "column": 31 },
          "end": { "line": 60, "column": 32 }
        },
        "loc": {
          "start": { "line": 60, "column": 49 },
          "end": { "line": 65, "column": 1 }
        },
        "line": 60
      },
      "12": {
        "name": "(anonymous_12)",
        "decl": {
          "start": { "line": 61, "column": 9 },
          "end": { "line": 61, "column": 10 }
        },
        "loc": {
          "start": { "line": 61, "column": 39 },
          "end": { "line": 64, "column": 3 }
        },
        "line": 61
      },
      "13": {
        "name": "(anonymous_13)",
        "decl": {
          "start": { "line": 62, "column": 36 },
          "end": { "line": 62, "column": 37 }
        },
        "loc": {
          "start": { "line": 62, "column": 45 },
          "end": { "line": 62, "column": 70 }
        },
        "line": 62
      }
    },
    "branchMap": {
      "0": {
        "loc": {
          "start": { "line": 52, "column": 27 },
          "end": { "line": 52, "column": 47 }
        },
        "type": "binary-expr",
        "locations": [
          {
            "start": { "line": 52, "column": 27 },
            "end": { "line": 52, "column": 41 }
          },
          {
            "start": { "line": 52, "column": 45 },
            "end": { "line": 52, "column": 47 }
          }
        ],
        "line": 52
      }
    },
    "s": {
      "0": 1,
      "1": 2,
      "2": 1,
      "3": 0,
      "4": 0,
      "5": 0,
      "6": 0,
      "7": 1,
      "8": 0,
      "9": 1,
      "10": 1,
      "11": 0,
      "12": 1,
      "13": 0,
      "14": 0,
      "15": 0,
      "16": 0,
      "17": 0,
      "18": 0,
      "19": 0,
      "20": 1,
      "21": 0,
      "22": 0,
      "23": 0,
      "24": 0
    },
    "f": {
      "0": 2,
      "1": 0,
      "2": 0,
      "3": 0,
      "4": 0,
      "5": 0,
      "6": 0,
      "7": 0,
      "8": 0,
      "9": 0,
      "10": 0,
      "11": 0,
      "12": 0,
      "13": 0
    },
    "b": { "0": [0, 0] },
    "_coverageSchema": "1a1c01bbd47fc00a2c39e90264f33305004495a9",
    "hash": "94901a04f869e1b209dd086bd5c68289404c0650"
  },
  "C:\\Users\\igor\\Desktop\\OTUS\\FullStackDeveloper\\WorkDir\\JavaScript-Basic\\otus-js-basic-redux-chat\\src\\modules\\redux\\reducers\\chatroom.ts": {
    "path": "C:\\Users\\igor\\Desktop\\OTUS\\FullStackDeveloper\\WorkDir\\JavaScript-Basic\\otus-js-basic-redux-chat\\src\\modules\\redux\\reducers\\chatroom.ts",
    "statementMap": {
      "0": {
        "start": { "line": 5, "column": 21 },
        "end": { "line": 9, "column": 1 }
      },
      "1": {
        "start": { "line": 11, "column": 22 },
        "end": { "line": 29, "column": 1 }
      },
      "2": {
        "start": { "line": 12, "column": 2 },
        "end": { "line": 28, "column": 3 }
      },
      "3": {
        "start": { "line": 14, "column": 6 },
        "end": { "line": 16, "column": 9 }
      },
      "4": {
        "start": { "line": 18, "column": 6 },
        "end": { "line": 21, "column": 9 }
      },
      "5": {
        "start": { "line": 23, "column": 6 },
        "end": { "line": 25, "column": 9 }
      },
      "6": {
        "start": { "line": 27, "column": 6 },
        "end": { "line": 27, "column": 19 }
      },
      "7": {
        "start": { "line": 31, "column": 17 },
        "end": { "line": 31, "column": 52 }
      }
    },
    "fnMap": {
      "0": {
        "name": "(anonymous_0)",
        "decl": {
          "start": { "line": 11, "column": 22 },
          "end": { "line": 11, "column": 23 }
        },
        "loc": {
          "start": { "line": 11, "column": 56 },
          "end": { "line": 29, "column": 1 }
        },
        "line": 11
      }
    },
    "branchMap": {
      "0": {
        "loc": {
          "start": { "line": 11, "column": 23 },
          "end": { "line": 11, "column": 43 }
        },
        "type": "default-arg",
        "locations": [
          {
            "start": { "line": 11, "column": 31 },
            "end": { "line": 11, "column": 43 }
          }
        ],
        "line": 11
      },
      "1": {
        "loc": {
          "start": { "line": 12, "column": 2 },
          "end": { "line": 28, "column": 3 }
        },
        "type": "switch",
        "locations": [
          {
            "start": { "line": 13, "column": 4 },
            "end": { "line": 16, "column": 9 }
          },
          {
            "start": { "line": 17, "column": 4 },
            "end": { "line": 21, "column": 9 }
          },
          {
            "start": { "line": 22, "column": 4 },
            "end": { "line": 25, "column": 9 }
          },
          {
            "start": { "line": 26, "column": 4 },
            "end": { "line": 27, "column": 19 }
          }
        ],
        "line": 12
      }
    },
    "s": { "0": 1, "1": 1, "2": 7, "3": 0, "4": 0, "5": 0, "6": 7, "7": 1 },
    "f": { "0": 7 },
    "b": { "0": [5], "1": [0, 0, 0, 7] },
    "_coverageSchema": "1a1c01bbd47fc00a2c39e90264f33305004495a9",
    "hash": "27a65c9fe9f8012dc45b1b13548442fd78a01a57"
  },
  "C:\\Users\\igor\\Desktop\\OTUS\\FullStackDeveloper\\WorkDir\\JavaScript-Basic\\otus-js-basic-redux-chat\\src\\modules\\redux\\reducers\\index.ts": {
    "path": "C:\\Users\\igor\\Desktop\\OTUS\\FullStackDeveloper\\WorkDir\\JavaScript-Basic\\otus-js-basic-redux-chat\\src\\modules\\redux\\reducers\\index.ts",
    "statementMap": {
      "0": {
        "start": { "line": 5, "column": 20 },
        "end": { "line": 7, "column": 2 }
      }
    },
    "fnMap": {},
    "branchMap": {},
    "s": { "0": 1 },
    "f": {},
    "b": {},
    "_coverageSchema": "1a1c01bbd47fc00a2c39e90264f33305004495a9",
    "hash": "e160d7d63b6496b6c0d6686631bdba8161a96993"
  },
  "C:\\Users\\igor\\Desktop\\OTUS\\FullStackDeveloper\\WorkDir\\JavaScript-Basic\\otus-js-basic-redux-chat\\src\\modules\\redux\\reducers\\messages.ts": {
    "path": "C:\\Users\\igor\\Desktop\\OTUS\\FullStackDeveloper\\WorkDir\\JavaScript-Basic\\otus-js-basic-redux-chat\\src\\modules\\redux\\reducers\\messages.ts",
    "statementMap": {
      "0": {
        "start": { "line": 4, "column": 30 },
        "end": { "line": 15, "column": 1 }
      },
      "1": {
        "start": { "line": 5, "column": 2 },
        "end": { "line": 14, "column": 3 }
      },
      "2": {
        "start": { "line": 7, "column": 6 },
        "end": { "line": 11, "column": 8 }
      },
      "3": {
        "start": { "line": 13, "column": 6 },
        "end": { "line": 13, "column": 19 }
      },
      "4": {
        "start": { "line": 17, "column": 33 },
        "end": { "line": 28, "column": 1 }
      },
      "5": {
        "start": { "line": 18, "column": 2 },
        "end": { "line": 27, "column": 3 }
      },
      "6": {
        "start": { "line": 20, "column": 6 },
        "end": { "line": 24, "column": 7 }
      },
      "7": {
        "start": { "line": 20, "column": 44 },
        "end": { "line": 20, "column": 48 }
      },
      "8": {
        "start": { "line": 21, "column": 8 },
        "end": { "line": 21, "column": 21 }
      },
      "9": {
        "start": { "line": 23, "column": 8 },
        "end": { "line": 23, "column": 54 }
      },
      "10": {
        "start": { "line": 26, "column": 6 },
        "end": { "line": 26, "column": 19 }
      }
    },
    "fnMap": {
      "0": {
        "name": "(anonymous_0)",
        "decl": {
          "start": { "line": 4, "column": 30 },
          "end": { "line": 4, "column": 31 }
        },
        "loc": {
          "start": { "line": 4, "column": 66 },
          "end": { "line": 15, "column": 1 }
        },
        "line": 4
      },
      "1": {
        "name": "(anonymous_1)",
        "decl": {
          "start": { "line": 17, "column": 33 },
          "end": { "line": 17, "column": 34 }
        },
        "loc": {
          "start": { "line": 17, "column": 57 },
          "end": { "line": 28, "column": 1 }
        },
        "line": 17
      },
      "2": {
        "name": "(anonymous_2)",
        "decl": {
          "start": { "line": 20, "column": 20 },
          "end": { "line": 20, "column": 21 }
        },
        "loc": {
          "start": { "line": 20, "column": 44 },
          "end": { "line": 20, "column": 48 }
        },
        "line": 20
      }
    },
    "branchMap": {
      "0": {
        "loc": {
          "start": { "line": 5, "column": 2 },
          "end": { "line": 14, "column": 3 }
        },
        "type": "switch",
        "locations": [
          {
            "start": { "line": 6, "column": 4 },
            "end": { "line": 11, "column": 8 }
          },
          {
            "start": { "line": 12, "column": 4 },
            "end": { "line": 13, "column": 19 }
          }
        ],
        "line": 5
      },
      "1": {
        "loc": {
          "start": { "line": 17, "column": 34 },
          "end": { "line": 17, "column": 44 }
        },
        "type": "default-arg",
        "locations": [
          {
            "start": { "line": 17, "column": 42 },
            "end": { "line": 17, "column": 44 }
          }
        ],
        "line": 17
      },
      "2": {
        "loc": {
          "start": { "line": 18, "column": 2 },
          "end": { "line": 27, "column": 3 }
        },
        "type": "switch",
        "locations": [
          {
            "start": { "line": 19, "column": 4 },
            "end": { "line": 24, "column": 7 }
          },
          {
            "start": { "line": 25, "column": 4 },
            "end": { "line": 26, "column": 19 }
          }
        ],
        "line": 18
      },
      "3": {
        "loc": {
          "start": { "line": 20, "column": 6 },
          "end": { "line": 24, "column": 7 }
        },
        "type": "if",
        "locations": [
          {
            "start": { "line": 20, "column": 6 },
            "end": { "line": 24, "column": 7 }
          },
          {
            "start": { "line": 22, "column": 13 },
            "end": { "line": 24, "column": 7 }
          }
        ],
        "line": 20
      }
    },
    "s": {
      "0": 1,
      "1": 3,
      "2": 2,
      "3": 1,
      "4": 1,
      "5": 7,
      "6": 2,
      "7": 1,
      "8": 1,
      "9": 1,
      "10": 5
    },
    "f": { "0": 3, "1": 7, "2": 1 },
    "b": { "0": [2, 1], "1": [5], "2": [2, 5], "3": [1, 1] },
    "_coverageSchema": "1a1c01bbd47fc00a2c39e90264f33305004495a9",
    "hash": "7da4da87f6fe9934176c43112abcb0db5c897455"
  }
}
