{"C:\\Users\\igor\\Desktop\\OTUS\\FullStackDeveloper\\WorkDir\\JavaScript-Basic\\otus-js-basic-redux-chat\\src\\modules\\redux\\store.ts": {"path":"C:\\Users\\igor\\Desktop\\OTUS\\FullStackDeveloper\\WorkDir\\JavaScript-Basic\\otus-js-basic-redux-chat\\src\\modules\\redux\\store.ts","statementMap":{"0":{"start":{"line":6,"column":21},"end":{"line":6,"column":69}}},"fnMap":{},"branchMap":{},"s":{"0":1},"f":{},"b":{},"_coverageSchema":"1a1c01bbd47fc00a2c39e90264f33305004495a9","hash":"fdaab1355973574fcb9194fab1cde89daeb5ee25"}
,"C:\\Users\\igor\\Desktop\\OTUS\\FullStackDeveloper\\WorkDir\\JavaScript-Basic\\otus-js-basic-redux-chat\\src\\modules\\redux\\reducers\\chatroom.ts": {"path":"C:\\Users\\igor\\Desktop\\OTUS\\FullStackDeveloper\\WorkDir\\JavaScript-Basic\\otus-js-basic-redux-chat\\src\\modules\\redux\\reducers\\chatroom.ts","statementMap":{"0":{"start":{"line":5,"column":21},"end":{"line":9,"column":1}},"1":{"start":{"line":11,"column":22},"end":{"line":29,"column":1}},"2":{"start":{"line":12,"column":2},"end":{"line":28,"column":3}},"3":{"start":{"line":14,"column":6},"end":{"line":16,"column":9}},"4":{"start":{"line":18,"column":6},"end":{"line":21,"column":9}},"5":{"start":{"line":23,"column":6},"end":{"line":25,"column":9}},"6":{"start":{"line":27,"column":6},"end":{"line":27,"column":19}},"7":{"start":{"line":31,"column":17},"end":{"line":31,"column":52}}},"fnMap":{"0":{"name":"(anonymous_0)","decl":{"start":{"line":11,"column":22},"end":{"line":11,"column":23}},"loc":{"start":{"line":11,"column":56},"end":{"line":29,"column":1}},"line":11}},"branchMap":{"0":{"loc":{"start":{"line":11,"column":23},"end":{"line":11,"column":43}},"type":"default-arg","locations":[{"start":{"line":11,"column":31},"end":{"line":11,"column":43}}],"line":11},"1":{"loc":{"start":{"line":12,"column":2},"end":{"line":28,"column":3}},"type":"switch","locations":[{"start":{"line":13,"column":4},"end":{"line":16,"column":9}},{"start":{"line":17,"column":4},"end":{"line":21,"column":9}},{"start":{"line":22,"column":4},"end":{"line":25,"column":9}},{"start":{"line":26,"column":4},"end":{"line":27,"column":19}}],"line":12}},"s":{"0":1,"1":1,"2":5,"3":0,"4":0,"5":0,"6":5,"7":1},"f":{"0":5},"b":{"0":[5],"1":[0,0,0,5]},"_coverageSchema":"1a1c01bbd47fc00a2c39e90264f33305004495a9","hash":"27a65c9fe9f8012dc45b1b13548442fd78a01a57"}
,"C:\\Users\\igor\\Desktop\\OTUS\\FullStackDeveloper\\WorkDir\\JavaScript-Basic\\otus-js-basic-redux-chat\\src\\modules\\redux\\reducers\\index.ts": {"path":"C:\\Users\\igor\\Desktop\\OTUS\\FullStackDeveloper\\WorkDir\\JavaScript-Basic\\otus-js-basic-redux-chat\\src\\modules\\redux\\reducers\\index.ts","statementMap":{"0":{"start":{"line":6,"column":20},"end":{"line":9,"column":2}}},"fnMap":{},"branchMap":{},"s":{"0":1},"f":{},"b":{},"_coverageSchema":"1a1c01bbd47fc00a2c39e90264f33305004495a9","hash":"e6fd64f762a2b083123c5ec10c7fda8400358ca8"}
,"C:\\Users\\igor\\Desktop\\OTUS\\FullStackDeveloper\\WorkDir\\JavaScript-Basic\\otus-js-basic-redux-chat\\src\\modules\\redux\\reducers\\messages.ts": {"path":"C:\\Users\\igor\\Desktop\\OTUS\\FullStackDeveloper\\WorkDir\\JavaScript-Basic\\otus-js-basic-redux-chat\\src\\modules\\redux\\reducers\\messages.ts","statementMap":{"0":{"start":{"line":10,"column":32},"end":{"line":23,"column":1}},"1":{"start":{"line":11,"column":2},"end":{"line":22,"column":3}},"2":{"start":{"line":13,"column":6},"end":{"line":18,"column":8}},"3":{"start":{"line":21,"column":6},"end":{"line":21,"column":19}},"4":{"start":{"line":25,"column":33},"end":{"line":39,"column":1}},"5":{"start":{"line":26,"column":2},"end":{"line":38,"column":3}},"6":{"start":{"line":28,"column":6},"end":{"line":28,"column":26}},"7":{"start":{"line":29,"column":6},"end":{"line":33,"column":7}},"8":{"start":{"line":29,"column":44},"end":{"line":29,"column":48}},"9":{"start":{"line":30,"column":8},"end":{"line":30,"column":21}},"10":{"start":{"line":32,"column":8},"end":{"line":32,"column":54}},"11":{"start":{"line":35,"column":6},"end":{"line":35,"column":52}},"12":{"start":{"line":37,"column":6},"end":{"line":37,"column":19}}},"fnMap":{"0":{"name":"(anonymous_0)","decl":{"start":{"line":10,"column":32},"end":{"line":10,"column":33}},"loc":{"start":{"line":10,"column":68},"end":{"line":23,"column":1}},"line":10},"1":{"name":"(anonymous_1)","decl":{"start":{"line":25,"column":33},"end":{"line":25,"column":34}},"loc":{"start":{"line":25,"column":57},"end":{"line":39,"column":1}},"line":25},"2":{"name":"(anonymous_2)","decl":{"start":{"line":29,"column":20},"end":{"line":29,"column":21}},"loc":{"start":{"line":29,"column":44},"end":{"line":29,"column":48}},"line":29}},"branchMap":{"0":{"loc":{"start":{"line":11,"column":2},"end":{"line":22,"column":3}},"type":"switch","locations":[{"start":{"line":12,"column":4},"end":{"line":18,"column":8}},{"start":{"line":20,"column":4},"end":{"line":21,"column":19}}],"line":11},"1":{"loc":{"start":{"line":25,"column":34},"end":{"line":25,"column":44}},"type":"default-arg","locations":[{"start":{"line":25,"column":42},"end":{"line":25,"column":44}}],"line":25},"2":{"loc":{"start":{"line":26,"column":2},"end":{"line":38,"column":3}},"type":"switch","locations":[{"start":{"line":27,"column":4},"end":{"line":33,"column":7}},{"start":{"line":34,"column":4},"end":{"line":35,"column":52}},{"start":{"line":36,"column":4},"end":{"line":37,"column":19}}],"line":26},"3":{"loc":{"start":{"line":29,"column":6},"end":{"line":33,"column":7}},"type":"if","locations":[{"start":{"line":29,"column":6},"end":{"line":33,"column":7}},{"start":{"line":31,"column":13},"end":{"line":33,"column":7}}],"line":29}},"s":{"0":1,"1":2,"2":1,"3":1,"4":1,"5":5,"6":0,"7":0,"8":0,"9":0,"10":0,"11":0,"12":5},"f":{"0":2,"1":5,"2":0},"b":{"0":[1,1],"1":[5],"2":[0,0,5],"3":[0,0]},"_coverageSchema":"1a1c01bbd47fc00a2c39e90264f33305004495a9","hash":"43557939bbe3a8fce375bd455c701395c12cd5a7"}
,"C:\\Users\\igor\\Desktop\\OTUS\\FullStackDeveloper\\WorkDir\\JavaScript-Basic\\otus-js-basic-redux-chat\\src\\modules\\redux\\reducers\\user.ts": {"path":"C:\\Users\\igor\\Desktop\\OTUS\\FullStackDeveloper\\WorkDir\\JavaScript-Basic\\otus-js-basic-redux-chat\\src\\modules\\redux\\reducers\\user.ts","statementMap":{"0":{"start":{"line":3,"column":21},"end":{"line":9,"column":1}},"1":{"start":{"line":11,"column":22},"end":{"line":35,"column":1}},"2":{"start":{"line":12,"column":2},"end":{"line":34,"column":3}},"3":{"start":{"line":14,"column":6},"end":{"line":16,"column":9}},"4":{"start":{"line":18,"column":6},"end":{"line":20,"column":9}},"5":{"start":{"line":22,"column":6},"end":{"line":22,"column":36}},"6":{"start":{"line":23,"column":6},"end":{"line":25,"column":9}},"7":{"start":{"line":27,"column":6},"end":{"line":30,"column":9}},"8":{"start":{"line":33,"column":6},"end":{"line":33,"column":19}}},"fnMap":{"0":{"name":"(anonymous_0)","decl":{"start":{"line":11,"column":22},"end":{"line":11,"column":23}},"loc":{"start":{"line":11,"column":56},"end":{"line":35,"column":1}},"line":11}},"branchMap":{"0":{"loc":{"start":{"line":11,"column":23},"end":{"line":11,"column":43}},"type":"default-arg","locations":[{"start":{"line":11,"column":31},"end":{"line":11,"column":43}}],"line":11},"1":{"loc":{"start":{"line":12,"column":2},"end":{"line":34,"column":3}},"type":"switch","locations":[{"start":{"line":13,"column":4},"end":{"line":16,"column":9}},{"start":{"line":17,"column":4},"end":{"line":20,"column":9}},{"start":{"line":21,"column":4},"end":{"line":25,"column":9}},{"start":{"line":26,"column":4},"end":{"line":30,"column":9}},{"start":{"line":32,"column":4},"end":{"line":33,"column":19}}],"line":12}},"s":{"0":1,"1":1,"2":3,"3":0,"4":0,"5":0,"6":0,"7":0,"8":3},"f":{"0":3},"b":{"0":[3],"1":[0,0,0,0,3]},"_coverageSchema":"1a1c01bbd47fc00a2c39e90264f33305004495a9","hash":"e6653deab2ccd4a108aa470fce401affdfa55495"}
}
