TN:
SF:src\modules\redux\store.ts
FNF:0
FNH:0
DA:6,1
LF:1
LH:1
BRF:0
BRH:0
end_of_record
TN:
SF:src\modules\redux\reducers\chatroom.ts
FN:11,(anonymous_0)
FNF:1
FNH:1
FNDA:5,(anonymous_0)
DA:5,1
DA:11,1
DA:12,5
DA:14,0
DA:18,0
DA:23,0
DA:27,5
DA:31,1
LF:8
LH:5
BRDA:11,0,0,5
BRDA:12,1,0,0
BRDA:12,1,1,0
BRDA:12,1,2,0
BRDA:12,1,3,5
BRF:5
BRH:2
end_of_record
TN:
SF:src\modules\redux\reducers\index.ts
FNF:0
FNH:0
DA:6,1
LF:1
LH:1
BRF:0
BRH:0
end_of_record
TN:
SF:src\modules\redux\reducers\messages.ts
FN:10,(anonymous_0)
FN:25,(anonymous_1)
FN:29,(anonymous_2)
FNF:3
FNH:2
FNDA:2,(anonymous_0)
FNDA:5,(anonymous_1)
FNDA:0,(anonymous_2)
DA:10,1
DA:11,2
DA:13,1
DA:21,1
DA:25,1
DA:26,5
DA:28,0
DA:29,0
DA:30,0
DA:32,0
DA:35,0
DA:37,5
LF:12
LH:7
BRDA:11,0,0,1
BRDA:11,0,1,1
BRDA:25,1,0,5
BRDA:26,2,0,0
BRDA:26,2,1,0
BRDA:26,2,2,5
BRDA:29,3,0,0
BRDA:29,3,1,0
BRF:8
BRH:4
end_of_record
TN:
SF:src\modules\redux\reducers\user.ts
FN:11,(anonymous_0)
FNF:1
FNH:1
FNDA:3,(anonymous_0)
DA:3,1
DA:11,1
DA:12,3
DA:14,0
DA:18,0
DA:22,0
DA:23,0
DA:27,0
DA:33,3
LF:9
LH:4
BRDA:11,0,0,3
BRDA:12,1,0,0
BRDA:12,1,1,0
BRDA:12,1,2,0
BRDA:12,1,3,0
BRDA:12,1,4,3
BRF:6
BRH:2
end_of_record
