TN:
SF:src\modules\firebaseAPI.ts
FN:5,insertMessage
FN:6,(anonymous_1)
FN:12,(anonymous_2)
FN:13,(anonymous_3)
FNF:4
FNH:0
FNDA:0,insertMessage
FNDA:0,(anonymous_1)
FNDA:0,(anonymous_2)
FNDA:0,(anonymous_3)
DA:6,0
DA:7,0
DA:8,0
DA:12,0
DA:13,0
LF:5
LH:0
BRF:0
BRH:0
end_of_record
TN:
SF:src\modules\redux\config.ts
FNF:0
FNH:0
DA:4,1
DA:16,1
DA:17,1
LF:3
LH:3
BRF:0
BRH:0
end_of_record
TN:
SF:src\modules\redux\store.ts
FNF:0
FNH:0
DA:6,1
LF:1
LH:1
BRF:0
BRH:0
end_of_record
TN:
SF:src\modules\redux\actions\index.ts
FN:12,(anonymous_0)
FN:17,(anonymous_1)
FN:17,(anonymous_2)
FN:19,(anonymous_3)
FN:25,(anonymous_4)
FN:28,(anonymous_5)
FN:37,(anonymous_6)
FN:42,(anonymous_7)
FN:43,(anonymous_8)
FN:50,(anonymous_9)
FN:51,(anonymous_10)
FN:60,(anonymous_11)
FN:61,(anonymous_12)
FN:62,(anonymous_13)
FNF:14
FNH:1
FNDA:2,(anonymous_0)
FNDA:0,(anonymous_1)
FNDA:0,(anonymous_2)
FNDA:0,(anonymous_3)
FNDA:0,(anonymous_4)
FNDA:0,(anonymous_5)
FNDA:0,(anonymous_6)
FNDA:0,(anonymous_7)
FNDA:0,(anonymous_8)
FNDA:0,(anonymous_9)
FNDA:0,(anonymous_10)
FNDA:0,(anonymous_11)
FNDA:0,(anonymous_12)
FNDA:0,(anonymous_13)
DA:12,2
DA:17,1
DA:18,0
DA:20,0
DA:25,0
DA:28,1
DA:33,1
DA:37,1
DA:42,1
DA:43,0
DA:44,0
DA:46,0
DA:48,0
DA:51,0
DA:52,0
DA:53,0
DA:60,1
DA:61,0
DA:62,0
DA:63,0
LF:20
LH:7
BRDA:52,0,0,0
BRDA:52,0,1,0
BRF:2
BRH:0
end_of_record
TN:
SF:src\modules\redux\reducers\chatroom.ts
FN:11,(anonymous_0)
FNF:1
FNH:1
FNDA:7,(anonymous_0)
DA:5,1
DA:11,1
DA:12,7
DA:14,0
DA:18,0
DA:23,0
DA:27,7
DA:31,1
LF:8
LH:5
BRDA:11,0,0,5
BRDA:12,1,0,0
BRDA:12,1,1,0
BRDA:12,1,2,0
BRDA:12,1,3,7
BRF:5
BRH:2
end_of_record
TN:
SF:src\modules\redux\reducers\index.ts
FNF:0
FNH:0
DA:5,1
LF:1
LH:1
BRF:0
BRH:0
end_of_record
TN:
SF:src\modules\redux\reducers\messages.ts
FN:4,(anonymous_0)
FN:17,(anonymous_1)
FN:20,(anonymous_2)
FNF:3
FNH:3
FNDA:3,(anonymous_0)
FNDA:7,(anonymous_1)
FNDA:1,(anonymous_2)
DA:4,1
DA:5,3
DA:7,2
DA:13,1
DA:17,1
DA:18,7
DA:20,2
DA:21,1
DA:23,1
DA:26,5
LF:10
LH:10
BRDA:5,0,0,2
BRDA:5,0,1,1
BRDA:17,1,0,5
BRDA:18,2,0,2
BRDA:18,2,1,5
BRDA:20,3,0,1
BRDA:20,3,1,1
BRF:7
BRH:7
end_of_record
